Watching for file changes with StatReloader
post variable is {'id': 1, 'title': 'Post 1', 'content': 'Content of Post 1', 'category': 'Sports'}
post variable is {'id': 1, 'title': 'Post 1', 'content': 'Content of Post 1', 'category': 'Sports'}
post variable is {'id': 2, 'title': 'Post 2', 'content': 'Content of Post 2', 'category': 'Science'}
Watching for file changes with StatReloader
C:\Users\JANA2\Desktop\Learning_Materials\Mini Projects\Blog\myapp\blog\models.py changed, reloading.
Watching for file changes with StatReloader
C:\Users\JANA2\Desktop\Learning_Materials\Mini Projects\Blog\myapp\blog\models.py changed, reloading.
Watching for file changes with StatReloader
C:\Users\JANA2\Desktop\Learning_Materials\Mini Projects\Blog\myapp\blog\models.py changed, reloading.
Watching for file changes with StatReloader
C:\Users\JANA2\Desktop\Learning_Materials\Mini Projects\Blog\myapp\blog\models.py changed, reloading.
Watching for file changes with StatReloader
C:\Users\JANA2\Desktop\Learning_Materials\Mini Projects\Blog\myapp\blog\models.py changed, reloading.
Watching for file changes with StatReloader
C:\Users\JANA2\Desktop\Learning_Materials\Mini Projects\Blog\myapp\blog\models.py changed, reloading.
Watching for file changes with StatReloader
C:\Users\JANA2\Desktop\Learning_Materials\Mini Projects\Blog\myapp\blog\models.py changed, reloading.
Watching for file changes with StatReloader
C:\Users\JANA2\Desktop\Learning_Materials\Mini Projects\Blog\myapp\blog\models.py changed, reloading.
Watching for file changes with StatReloader
C:\Users\JANA2\Desktop\Learning_Materials\Mini Projects\Blog\myapp\blog\models.py changed, reloading.
Watching for file changes with StatReloader
C:\Users\JANA2\Desktop\Learning_Materials\Mini Projects\Blog\myapp\blog\models.py changed, reloading.
Watching for file changes with StatReloader
C:\Users\JANA2\Desktop\Learning_Materials\Mini Projects\Blog\myapp\blog\models.py changed, reloading.
Watching for file changes with StatReloader
C:\Users\JANA2\Desktop\Learning_Materials\Mini Projects\Blog\myapp\blog\models.py changed, reloading.
Watching for file changes with StatReloader
C:\Users\JANA2\Desktop\Learning_Materials\Mini Projects\Blog\myapp\blog\models.py changed, reloading.
Watching for file changes with StatReloader
C:\Users\JANA2\Desktop\Learning_Materials\Mini Projects\Blog\myapp\blog\models.py changed, reloading.
Watching for file changes with StatReloader
C:\Users\JANA2\Desktop\Learning_Materials\Mini Projects\Blog\myapp\blog\models.py changed, reloading.
Watching for file changes with StatReloader
C:\Users\JANA2\Desktop\Learning_Materials\Mini Projects\Blog\myapp\blog\models.py changed, reloading.
Watching for file changes with StatReloader
C:\Users\JANA2\Desktop\Learning_Materials\Mini Projects\Blog\myapp\blog\models.py changed, reloading.
Watching for file changes with StatReloader
C:\Users\JANA2\Desktop\Learning_Materials\Mini Projects\Blog\myapp\blog\models.py changed, reloading.
Watching for file changes with StatReloader
C:\Users\JANA2\Desktop\Learning_Materials\Mini Projects\Blog\myapp\blog\models.py changed, reloading.
Watching for file changes with StatReloader
Watching for file changes with StatReloader
Not Found: /
Not Found: /favicon.ico
Not Found: /Blog/media/icons8-blogger-100.png
Not Found: /
Watching for file changes with StatReloader
Not Found: /
Not Found: /favicon.ico
Not Found: /static/blog/style.css
Not Found: /Blog/media/icons8-blogger-100.png
C:\Users\JANA2\Desktop\Learning_Materials\Mini Projects\Django-Projects\Blog\myapp\myapp\settings.py changed, reloading.
Watching for file changes with StatReloader
Internal Server Error: /Blog/post/3
Traceback (most recent call last):
  File "C:\Users\JANA2\Desktop\Learning_Materials\Mini Projects\Django-Projects\Blog\env\Lib\site-packages\django\core\handlers\exception.py", line 55, in inner
    response = get_response(request)
  File "C:\Users\JANA2\Desktop\Learning_Materials\Mini Projects\Django-Projects\Blog\env\Lib\site-packages\django\core\handlers\base.py", line 197, in _get_response
    response = wrapped_callback(request, *callback_args, **callback_kwargs)
  File "C:\Users\JANA2\Desktop\Learning_Materials\Mini Projects\Django-Projects\Blog\myapp\blog\views.py", line 25, in detail
    Post = next((item for item in posts if item['id'] == int(post_id)), None)
                                  ^^^^^
NameError: name 'posts' is not defined. Did you mean: 'Post'?
Not Found: /.well-known/appspecific/com.chrome.devtools.json
C:\Users\JANA2\Desktop\Learning_Materials\Mini Projects\Django-Projects\Blog\myapp\blog\views.py changed, reloading.
Watching for file changes with StatReloader
C:\Users\JANA2\Desktop\Learning_Materials\Mini Projects\Django-Projects\Blog\myapp\blog\views.py changed, reloading.
Watching for file changes with StatReloader
C:\Users\JANA2\Desktop\Learning_Materials\Mini Projects\Django-Projects\Blog\myapp\blog\views.py changed, reloading.
Watching for file changes with StatReloader
Internal Server Error: /Blog/post/1
Traceback (most recent call last):
  File "C:\Users\JANA2\Desktop\Learning_Materials\Mini Projects\Django-Projects\Blog\env\Lib\site-packages\django\core\handlers\exception.py", line 55, in inner
    response = get_response(request)
  File "C:\Users\JANA2\Desktop\Learning_Materials\Mini Projects\Django-Projects\Blog\env\Lib\site-packages\django\core\handlers\base.py", line 197, in _get_response
    response = wrapped_callback(request, *callback_args, **callback_kwargs)
  File "C:\Users\JANA2\Desktop\Learning_Materials\Mini Projects\Django-Projects\Blog\myapp\blog\views.py", line 26, in detail
    Post = next((item for item in posts if item['id'] == int(post_id)), None)
  File "C:\Users\JANA2\Desktop\Learning_Materials\Mini Projects\Django-Projects\Blog\myapp\blog\views.py", line 26, in <genexpr>
    Post = next((item for item in posts if item['id'] == int(post_id)), None)
                                           ~~~~^^^^^^
TypeError: 'Post' object is not subscriptable
Internal Server Error: /Blog/post/1
Traceback (most recent call last):
  File "C:\Users\JANA2\Desktop\Learning_Materials\Mini Projects\Django-Projects\Blog\env\Lib\site-packages\django\core\handlers\exception.py", line 55, in inner
    response = get_response(request)
  File "C:\Users\JANA2\Desktop\Learning_Materials\Mini Projects\Django-Projects\Blog\env\Lib\site-packages\django\core\handlers\base.py", line 197, in _get_response
    response = wrapped_callback(request, *callback_args, **callback_kwargs)
  File "C:\Users\JANA2\Desktop\Learning_Materials\Mini Projects\Django-Projects\Blog\myapp\blog\views.py", line 26, in detail
    Post = next((item for item in posts if item['id'] == int(post_id)), None)
  File "C:\Users\JANA2\Desktop\Learning_Materials\Mini Projects\Django-Projects\Blog\myapp\blog\views.py", line 26, in <genexpr>
    Post = next((item for item in posts if item['id'] == int(post_id)), None)
                                           ~~~~^^^^^^
TypeError: 'Post' object is not subscriptable
Internal Server Error: /Blog/post/1
Traceback (most recent call last):
  File "C:\Users\JANA2\Desktop\Learning_Materials\Mini Projects\Django-Projects\Blog\env\Lib\site-packages\django\core\handlers\exception.py", line 55, in inner
    response = get_response(request)
  File "C:\Users\JANA2\Desktop\Learning_Materials\Mini Projects\Django-Projects\Blog\env\Lib\site-packages\django\core\handlers\base.py", line 197, in _get_response
    response = wrapped_callback(request, *callback_args, **callback_kwargs)
  File "C:\Users\JANA2\Desktop\Learning_Materials\Mini Projects\Django-Projects\Blog\myapp\blog\views.py", line 26, in detail
    Post = next((item for item in posts if item['id'] == int(post_id)), None)
  File "C:\Users\JANA2\Desktop\Learning_Materials\Mini Projects\Django-Projects\Blog\myapp\blog\views.py", line 26, in <genexpr>
    Post = next((item for item in posts if item['id'] == int(post_id)), None)
                                           ~~~~^^^^^^
TypeError: 'Post' object is not subscriptable
Internal Server Error: /Blog/post/1
Traceback (most recent call last):
  File "C:\Users\JANA2\Desktop\Learning_Materials\Mini Projects\Django-Projects\Blog\env\Lib\site-packages\django\core\handlers\exception.py", line 55, in inner
    response = get_response(request)
  File "C:\Users\JANA2\Desktop\Learning_Materials\Mini Projects\Django-Projects\Blog\env\Lib\site-packages\django\core\handlers\base.py", line 197, in _get_response
    response = wrapped_callback(request, *callback_args, **callback_kwargs)
  File "C:\Users\JANA2\Desktop\Learning_Materials\Mini Projects\Django-Projects\Blog\myapp\blog\views.py", line 26, in detail
    Post = next((item for item in posts if item['id'] == int(post_id)), None)
  File "C:\Users\JANA2\Desktop\Learning_Materials\Mini Projects\Django-Projects\Blog\myapp\blog\views.py", line 26, in <genexpr>
    Post = next((item for item in posts if item['id'] == int(post_id)), None)
                                           ~~~~^^^^^^
TypeError: 'Post' object is not subscriptable
Internal Server Error: /Blog/post/1
Traceback (most recent call last):
  File "C:\Users\JANA2\Desktop\Learning_Materials\Mini Projects\Django-Projects\Blog\env\Lib\site-packages\django\core\handlers\exception.py", line 55, in inner
    response = get_response(request)
  File "C:\Users\JANA2\Desktop\Learning_Materials\Mini Projects\Django-Projects\Blog\env\Lib\site-packages\django\core\handlers\base.py", line 197, in _get_response
    response = wrapped_callback(request, *callback_args, **callback_kwargs)
  File "C:\Users\JANA2\Desktop\Learning_Materials\Mini Projects\Django-Projects\Blog\myapp\blog\views.py", line 26, in detail
    Post = next((item for item in posts if item['id'] == int(post_id)), None)
  File "C:\Users\JANA2\Desktop\Learning_Materials\Mini Projects\Django-Projects\Blog\myapp\blog\views.py", line 26, in <genexpr>
    Post = next((item for item in posts if item['id'] == int(post_id)), None)
                                           ~~~~^^^^^^
TypeError: 'Post' object is not subscriptable
Internal Server Error: /Blog/post/1
Traceback (most recent call last):
  File "C:\Users\JANA2\Desktop\Learning_Materials\Mini Projects\Django-Projects\Blog\env\Lib\site-packages\django\core\handlers\exception.py", line 55, in inner
    response = get_response(request)
  File "C:\Users\JANA2\Desktop\Learning_Materials\Mini Projects\Django-Projects\Blog\env\Lib\site-packages\django\core\handlers\base.py", line 197, in _get_response
    response = wrapped_callback(request, *callback_args, **callback_kwargs)
  File "C:\Users\JANA2\Desktop\Learning_Materials\Mini Projects\Django-Projects\Blog\myapp\blog\views.py", line 26, in detail
    Post = next((item for item in posts if item['id'] == int(post_id)), None)
  File "C:\Users\JANA2\Desktop\Learning_Materials\Mini Projects\Django-Projects\Blog\myapp\blog\views.py", line 26, in <genexpr>
    Post = next((item for item in posts if item['id'] == int(post_id)), None)
                                           ~~~~^^^^^^
TypeError: 'Post' object is not subscriptable
Internal Server Error: /Blog/post/1
Traceback (most recent call last):
  File "C:\Users\JANA2\Desktop\Learning_Materials\Mini Projects\Django-Projects\Blog\env\Lib\site-packages\django\core\handlers\exception.py", line 55, in inner
    response = get_response(request)
  File "C:\Users\JANA2\Desktop\Learning_Materials\Mini Projects\Django-Projects\Blog\env\Lib\site-packages\django\core\handlers\base.py", line 197, in _get_response
    response = wrapped_callback(request, *callback_args, **callback_kwargs)
  File "C:\Users\JANA2\Desktop\Learning_Materials\Mini Projects\Django-Projects\Blog\myapp\blog\views.py", line 26, in detail
    Post = next((item for item in posts if item['id'] == int(post_id)), None)
  File "C:\Users\JANA2\Desktop\Learning_Materials\Mini Projects\Django-Projects\Blog\myapp\blog\views.py", line 26, in <genexpr>
    Post = next((item for item in posts if item['id'] == int(post_id)), None)
                                           ~~~~^^^^^^
TypeError: 'Post' object is not subscriptable
Internal Server Error: /Blog/post/1
Traceback (most recent call last):
  File "C:\Users\JANA2\Desktop\Learning_Materials\Mini Projects\Django-Projects\Blog\env\Lib\site-packages\django\core\handlers\exception.py", line 55, in inner
    response = get_response(request)
  File "C:\Users\JANA2\Desktop\Learning_Materials\Mini Projects\Django-Projects\Blog\env\Lib\site-packages\django\core\handlers\base.py", line 197, in _get_response
    response = wrapped_callback(request, *callback_args, **callback_kwargs)
  File "C:\Users\JANA2\Desktop\Learning_Materials\Mini Projects\Django-Projects\Blog\myapp\blog\views.py", line 26, in detail
    Post = next((item for item in posts if item['id'] == int(post_id)), None)
  File "C:\Users\JANA2\Desktop\Learning_Materials\Mini Projects\Django-Projects\Blog\myapp\blog\views.py", line 26, in <genexpr>
    Post = next((item for item in posts if item['id'] == int(post_id)), None)
                                           ~~~~^^^^^^
TypeError: 'Post' object is not subscriptable
C:\Users\JANA2\Desktop\Learning_Materials\Mini Projects\Django-Projects\Blog\myapp\blog\views.py changed, reloading.
Watching for file changes with StatReloader
C:\Users\JANA2\Desktop\Learning_Materials\Mini Projects\Django-Projects\Blog\myapp\blog\views.py changed, reloading.
Watching for file changes with StatReloader
C:\Users\JANA2\Desktop\Learning_Materials\Mini Projects\Django-Projects\Blog\myapp\blog\views.py changed, reloading.
Watching for file changes with StatReloader
C:\Users\JANA2\Desktop\Learning_Materials\Mini Projects\Django-Projects\Blog\myapp\blog\views.py changed, reloading.
Watching for file changes with StatReloader
post variable is <class 'blog.models.Post'>
Not Found: /Blog/post/media/icons8-blogger-100.png
post variable is <class 'blog.models.Post'>
post variable is <class 'blog.models.Post'>
Internal Server Error: /Blog/post/1
Traceback (most recent call last):
  File "C:\Users\JANA2\Desktop\Learning_Materials\Mini Projects\Django-Projects\Blog\env\Lib\site-packages\django\core\handlers\exception.py", line 55, in inner
    response = get_response(request)
  File "C:\Users\JANA2\Desktop\Learning_Materials\Mini Projects\Django-Projects\Blog\env\Lib\site-packages\django\core\handlers\base.py", line 197, in _get_response
    response = wrapped_callback(request, *callback_args, **callback_kwargs)
  File "C:\Users\JANA2\Desktop\Learning_Materials\Mini Projects\Django-Projects\Blog\myapp\blog\views.py", line 29, in detail
    return render(request, 'blog/detail.html', {'post':posts})
  File "C:\Users\JANA2\Desktop\Learning_Materials\Mini Projects\Django-Projects\Blog\env\Lib\site-packages\django\shortcuts.py", line 25, in render
    content = loader.render_to_string(template_name, context, request, using=using)
  File "C:\Users\JANA2\Desktop\Learning_Materials\Mini Projects\Django-Projects\Blog\env\Lib\site-packages\django\template\loader.py", line 61, in render_to_string
    template = get_template(template_name, using=using)
  File "C:\Users\JANA2\Desktop\Learning_Materials\Mini Projects\Django-Projects\Blog\env\Lib\site-packages\django\template\loader.py", line 15, in get_template
    return engine.get_template(template_name)
           ~~~~~~~~~~~~~~~~~~~^^^^^^^^^^^^^^^
  File "C:\Users\JANA2\Desktop\Learning_Materials\Mini Projects\Django-Projects\Blog\env\Lib\site-packages\django\template\backends\django.py", line 79, in get_template
    return Template(self.engine.get_template(template_name), self)
                    ~~~~~~~~~~~~~~~~~~~~~~~~^^^^^^^^^^^^^^^
  File "C:\Users\JANA2\Desktop\Learning_Materials\Mini Projects\Django-Projects\Blog\env\Lib\site-packages\django\template\engine.py", line 177, in get_template
    template, origin = self.find_template(template_name)
                       ~~~~~~~~~~~~~~~~~~^^^^^^^^^^^^^^^
  File "C:\Users\JANA2\Desktop\Learning_Materials\Mini Projects\Django-Projects\Blog\env\Lib\site-packages\django\template\engine.py", line 159, in find_template
    template = loader.get_template(name, skip=skip)
  File "C:\Users\JANA2\Desktop\Learning_Materials\Mini Projects\Django-Projects\Blog\env\Lib\site-packages\django\template\loaders\cached.py", line 57, in get_template
    template = super().get_template(template_name, skip)
  File "C:\Users\JANA2\Desktop\Learning_Materials\Mini Projects\Django-Projects\Blog\env\Lib\site-packages\django\template\loaders\base.py", line 28, in get_template
    return Template(
        contents,
    ...<2 lines>...
        self.engine,
    )
  File "C:\Users\JANA2\Desktop\Learning_Materials\Mini Projects\Django-Projects\Blog\env\Lib\site-packages\django\template\base.py", line 154, in __init__
    self.nodelist = self.compile_nodelist()
                    ~~~~~~~~~~~~~~~~~~~~~^^
  File "C:\Users\JANA2\Desktop\Learning_Materials\Mini Projects\Django-Projects\Blog\env\Lib\site-packages\django\template\base.py", line 196, in compile_nodelist
    nodelist = parser.parse()
  File "C:\Users\JANA2\Desktop\Learning_Materials\Mini Projects\Django-Projects\Blog\env\Lib\site-packages\django\template\base.py", line 518, in parse
    raise self.error(token, e)
  File "C:\Users\JANA2\Desktop\Learning_Materials\Mini Projects\Django-Projects\Blog\env\Lib\site-packages\django\template\base.py", line 516, in parse
    compiled_result = compile_func(self, token)
  File "C:\Users\JANA2\Desktop\Learning_Materials\Mini Projects\Django-Projects\Blog\env\Lib\site-packages\django\template\loader_tags.py", line 299, in do_extends
    nodelist = parser.parse()
  File "C:\Users\JANA2\Desktop\Learning_Materials\Mini Projects\Django-Projects\Blog\env\Lib\site-packages\django\template\base.py", line 518, in parse
    raise self.error(token, e)
  File "C:\Users\JANA2\Desktop\Learning_Materials\Mini Projects\Django-Projects\Blog\env\Lib\site-packages\django\template\base.py", line 516, in parse
    compiled_result = compile_func(self, token)
  File "C:\Users\JANA2\Desktop\Learning_Materials\Mini Projects\Django-Projects\Blog\env\Lib\site-packages\django\template\loader_tags.py", line 234, in do_block
    nodelist = parser.parse(("endblock",))
  File "C:\Users\JANA2\Desktop\Learning_Materials\Mini Projects\Django-Projects\Blog\env\Lib\site-packages\django\template\base.py", line 489, in parse
    raise self.error(token, e)
  File "C:\Users\JANA2\Desktop\Learning_Materials\Mini Projects\Django-Projects\Blog\env\Lib\site-packages\django\template\base.py", line 487, in parse
    filter_expression = self.compile_filter(token.contents)
  File "C:\Users\JANA2\Desktop\Learning_Materials\Mini Projects\Django-Projects\Blog\env\Lib\site-packages\django\template\base.py", line 609, in compile_filter
    return FilterExpression(token, self)
  File "C:\Users\JANA2\Desktop\Learning_Materials\Mini Projects\Django-Projects\Blog\env\Lib\site-packages\django\template\base.py", line 710, in __init__
    raise TemplateSyntaxError(
    ...<2 lines>...
    )
django.template.exceptions.TemplateSyntaxError: Could not parse the remainder: ' "blog:index"' from 'url "blog:index"'
post variable is <class 'blog.models.Post'>
Internal Server Error: /Blog/post/1
Traceback (most recent call last):
  File "C:\Users\JANA2\Desktop\Learning_Materials\Mini Projects\Django-Projects\Blog\env\Lib\site-packages\django\core\handlers\exception.py", line 55, in inner
    response = get_response(request)
  File "C:\Users\JANA2\Desktop\Learning_Materials\Mini Projects\Django-Projects\Blog\env\Lib\site-packages\django\core\handlers\base.py", line 197, in _get_response
    response = wrapped_callback(request, *callback_args, **callback_kwargs)
  File "C:\Users\JANA2\Desktop\Learning_Materials\Mini Projects\Django-Projects\Blog\myapp\blog\views.py", line 29, in detail
    return render(request, 'blog/detail.html', {'post':posts})
  File "C:\Users\JANA2\Desktop\Learning_Materials\Mini Projects\Django-Projects\Blog\env\Lib\site-packages\django\shortcuts.py", line 25, in render
    content = loader.render_to_string(template_name, context, request, using=using)
  File "C:\Users\JANA2\Desktop\Learning_Materials\Mini Projects\Django-Projects\Blog\env\Lib\site-packages\django\template\loader.py", line 61, in render_to_string
    template = get_template(template_name, using=using)
  File "C:\Users\JANA2\Desktop\Learning_Materials\Mini Projects\Django-Projects\Blog\env\Lib\site-packages\django\template\loader.py", line 15, in get_template
    return engine.get_template(template_name)
           ~~~~~~~~~~~~~~~~~~~^^^^^^^^^^^^^^^
  File "C:\Users\JANA2\Desktop\Learning_Materials\Mini Projects\Django-Projects\Blog\env\Lib\site-packages\django\template\backends\django.py", line 79, in get_template
    return Template(self.engine.get_template(template_name), self)
                    ~~~~~~~~~~~~~~~~~~~~~~~~^^^^^^^^^^^^^^^
  File "C:\Users\JANA2\Desktop\Learning_Materials\Mini Projects\Django-Projects\Blog\env\Lib\site-packages\django\template\engine.py", line 177, in get_template
    template, origin = self.find_template(template_name)
                       ~~~~~~~~~~~~~~~~~~^^^^^^^^^^^^^^^
  File "C:\Users\JANA2\Desktop\Learning_Materials\Mini Projects\Django-Projects\Blog\env\Lib\site-packages\django\template\engine.py", line 159, in find_template
    template = loader.get_template(name, skip=skip)
  File "C:\Users\JANA2\Desktop\Learning_Materials\Mini Projects\Django-Projects\Blog\env\Lib\site-packages\django\template\loaders\cached.py", line 57, in get_template
    template = super().get_template(template_name, skip)
  File "C:\Users\JANA2\Desktop\Learning_Materials\Mini Projects\Django-Projects\Blog\env\Lib\site-packages\django\template\loaders\base.py", line 28, in get_template
    return Template(
        contents,
    ...<2 lines>...
        self.engine,
    )
  File "C:\Users\JANA2\Desktop\Learning_Materials\Mini Projects\Django-Projects\Blog\env\Lib\site-packages\django\template\base.py", line 154, in __init__
    self.nodelist = self.compile_nodelist()
                    ~~~~~~~~~~~~~~~~~~~~~^^
  File "C:\Users\JANA2\Desktop\Learning_Materials\Mini Projects\Django-Projects\Blog\env\Lib\site-packages\django\template\base.py", line 196, in compile_nodelist
    nodelist = parser.parse()
  File "C:\Users\JANA2\Desktop\Learning_Materials\Mini Projects\Django-Projects\Blog\env\Lib\site-packages\django\template\base.py", line 518, in parse
    raise self.error(token, e)
  File "C:\Users\JANA2\Desktop\Learning_Materials\Mini Projects\Django-Projects\Blog\env\Lib\site-packages\django\template\base.py", line 516, in parse
    compiled_result = compile_func(self, token)
  File "C:\Users\JANA2\Desktop\Learning_Materials\Mini Projects\Django-Projects\Blog\env\Lib\site-packages\django\template\loader_tags.py", line 299, in do_extends
    nodelist = parser.parse()
  File "C:\Users\JANA2\Desktop\Learning_Materials\Mini Projects\Django-Projects\Blog\env\Lib\site-packages\django\template\base.py", line 518, in parse
    raise self.error(token, e)
  File "C:\Users\JANA2\Desktop\Learning_Materials\Mini Projects\Django-Projects\Blog\env\Lib\site-packages\django\template\base.py", line 516, in parse
    compiled_result = compile_func(self, token)
  File "C:\Users\JANA2\Desktop\Learning_Materials\Mini Projects\Django-Projects\Blog\env\Lib\site-packages\django\template\loader_tags.py", line 234, in do_block
    nodelist = parser.parse(("endblock",))
  File "C:\Users\JANA2\Desktop\Learning_Materials\Mini Projects\Django-Projects\Blog\env\Lib\site-packages\django\template\base.py", line 489, in parse
    raise self.error(token, e)
  File "C:\Users\JANA2\Desktop\Learning_Materials\Mini Projects\Django-Projects\Blog\env\Lib\site-packages\django\template\base.py", line 487, in parse
    filter_expression = self.compile_filter(token.contents)
  File "C:\Users\JANA2\Desktop\Learning_Materials\Mini Projects\Django-Projects\Blog\env\Lib\site-packages\django\template\base.py", line 609, in compile_filter
    return FilterExpression(token, self)
  File "C:\Users\JANA2\Desktop\Learning_Materials\Mini Projects\Django-Projects\Blog\env\Lib\site-packages\django\template\base.py", line 710, in __init__
    raise TemplateSyntaxError(
    ...<2 lines>...
    )
django.template.exceptions.TemplateSyntaxError: Could not parse the remainder: ' "blog:index"' from 'url "blog:index"'
post variable is <class 'blog.models.Post'>
Internal Server Error: /Blog/post/1
Traceback (most recent call last):
  File "C:\Users\JANA2\Desktop\Learning_Materials\Mini Projects\Django-Projects\Blog\env\Lib\site-packages\django\core\handlers\exception.py", line 55, in inner
    response = get_response(request)
  File "C:\Users\JANA2\Desktop\Learning_Materials\Mini Projects\Django-Projects\Blog\env\Lib\site-packages\django\core\handlers\base.py", line 197, in _get_response
    response = wrapped_callback(request, *callback_args, **callback_kwargs)
  File "C:\Users\JANA2\Desktop\Learning_Materials\Mini Projects\Django-Projects\Blog\myapp\blog\views.py", line 29, in detail
    return render(request, 'blog/detail.html', {'post':posts})
  File "C:\Users\JANA2\Desktop\Learning_Materials\Mini Projects\Django-Projects\Blog\env\Lib\site-packages\django\shortcuts.py", line 25, in render
    content = loader.render_to_string(template_name, context, request, using=using)
  File "C:\Users\JANA2\Desktop\Learning_Materials\Mini Projects\Django-Projects\Blog\env\Lib\site-packages\django\template\loader.py", line 61, in render_to_string
    template = get_template(template_name, using=using)
  File "C:\Users\JANA2\Desktop\Learning_Materials\Mini Projects\Django-Projects\Blog\env\Lib\site-packages\django\template\loader.py", line 15, in get_template
    return engine.get_template(template_name)
           ~~~~~~~~~~~~~~~~~~~^^^^^^^^^^^^^^^
  File "C:\Users\JANA2\Desktop\Learning_Materials\Mini Projects\Django-Projects\Blog\env\Lib\site-packages\django\template\backends\django.py", line 79, in get_template
    return Template(self.engine.get_template(template_name), self)
                    ~~~~~~~~~~~~~~~~~~~~~~~~^^^^^^^^^^^^^^^
  File "C:\Users\JANA2\Desktop\Learning_Materials\Mini Projects\Django-Projects\Blog\env\Lib\site-packages\django\template\engine.py", line 177, in get_template
    template, origin = self.find_template(template_name)
                       ~~~~~~~~~~~~~~~~~~^^^^^^^^^^^^^^^
  File "C:\Users\JANA2\Desktop\Learning_Materials\Mini Projects\Django-Projects\Blog\env\Lib\site-packages\django\template\engine.py", line 159, in find_template
    template = loader.get_template(name, skip=skip)
  File "C:\Users\JANA2\Desktop\Learning_Materials\Mini Projects\Django-Projects\Blog\env\Lib\site-packages\django\template\loaders\cached.py", line 57, in get_template
    template = super().get_template(template_name, skip)
  File "C:\Users\JANA2\Desktop\Learning_Materials\Mini Projects\Django-Projects\Blog\env\Lib\site-packages\django\template\loaders\base.py", line 28, in get_template
    return Template(
        contents,
    ...<2 lines>...
        self.engine,
    )
  File "C:\Users\JANA2\Desktop\Learning_Materials\Mini Projects\Django-Projects\Blog\env\Lib\site-packages\django\template\base.py", line 154, in __init__
    self.nodelist = self.compile_nodelist()
                    ~~~~~~~~~~~~~~~~~~~~~^^
  File "C:\Users\JANA2\Desktop\Learning_Materials\Mini Projects\Django-Projects\Blog\env\Lib\site-packages\django\template\base.py", line 196, in compile_nodelist
    nodelist = parser.parse()
  File "C:\Users\JANA2\Desktop\Learning_Materials\Mini Projects\Django-Projects\Blog\env\Lib\site-packages\django\template\base.py", line 518, in parse
    raise self.error(token, e)
  File "C:\Users\JANA2\Desktop\Learning_Materials\Mini Projects\Django-Projects\Blog\env\Lib\site-packages\django\template\base.py", line 516, in parse
    compiled_result = compile_func(self, token)
  File "C:\Users\JANA2\Desktop\Learning_Materials\Mini Projects\Django-Projects\Blog\env\Lib\site-packages\django\template\loader_tags.py", line 299, in do_extends
    nodelist = parser.parse()
  File "C:\Users\JANA2\Desktop\Learning_Materials\Mini Projects\Django-Projects\Blog\env\Lib\site-packages\django\template\base.py", line 518, in parse
    raise self.error(token, e)
  File "C:\Users\JANA2\Desktop\Learning_Materials\Mini Projects\Django-Projects\Blog\env\Lib\site-packages\django\template\base.py", line 516, in parse
    compiled_result = compile_func(self, token)
  File "C:\Users\JANA2\Desktop\Learning_Materials\Mini Projects\Django-Projects\Blog\env\Lib\site-packages\django\template\loader_tags.py", line 234, in do_block
    nodelist = parser.parse(("endblock",))
  File "C:\Users\JANA2\Desktop\Learning_Materials\Mini Projects\Django-Projects\Blog\env\Lib\site-packages\django\template\base.py", line 489, in parse
    raise self.error(token, e)
  File "C:\Users\JANA2\Desktop\Learning_Materials\Mini Projects\Django-Projects\Blog\env\Lib\site-packages\django\template\base.py", line 487, in parse
    filter_expression = self.compile_filter(token.contents)
  File "C:\Users\JANA2\Desktop\Learning_Materials\Mini Projects\Django-Projects\Blog\env\Lib\site-packages\django\template\base.py", line 609, in compile_filter
    return FilterExpression(token, self)
  File "C:\Users\JANA2\Desktop\Learning_Materials\Mini Projects\Django-Projects\Blog\env\Lib\site-packages\django\template\base.py", line 710, in __init__
    raise TemplateSyntaxError(
    ...<2 lines>...
    )
django.template.exceptions.TemplateSyntaxError: Could not parse the remainder: ' "blog:index"' from 'url "blog:index"'
post variable is <class 'blog.models.Post'>
Internal Server Error: /Blog/post/1
Traceback (most recent call last):
  File "C:\Users\JANA2\Desktop\Learning_Materials\Mini Projects\Django-Projects\Blog\env\Lib\site-packages\django\core\handlers\exception.py", line 55, in inner
    response = get_response(request)
  File "C:\Users\JANA2\Desktop\Learning_Materials\Mini Projects\Django-Projects\Blog\env\Lib\site-packages\django\core\handlers\base.py", line 197, in _get_response
    response = wrapped_callback(request, *callback_args, **callback_kwargs)
  File "C:\Users\JANA2\Desktop\Learning_Materials\Mini Projects\Django-Projects\Blog\myapp\blog\views.py", line 29, in detail
    return render(request, 'blog/detail.html', {'post':posts})
  File "C:\Users\JANA2\Desktop\Learning_Materials\Mini Projects\Django-Projects\Blog\env\Lib\site-packages\django\shortcuts.py", line 25, in render
    content = loader.render_to_string(template_name, context, request, using=using)
  File "C:\Users\JANA2\Desktop\Learning_Materials\Mini Projects\Django-Projects\Blog\env\Lib\site-packages\django\template\loader.py", line 61, in render_to_string
    template = get_template(template_name, using=using)
  File "C:\Users\JANA2\Desktop\Learning_Materials\Mini Projects\Django-Projects\Blog\env\Lib\site-packages\django\template\loader.py", line 15, in get_template
    return engine.get_template(template_name)
           ~~~~~~~~~~~~~~~~~~~^^^^^^^^^^^^^^^
  File "C:\Users\JANA2\Desktop\Learning_Materials\Mini Projects\Django-Projects\Blog\env\Lib\site-packages\django\template\backends\django.py", line 79, in get_template
    return Template(self.engine.get_template(template_name), self)
                    ~~~~~~~~~~~~~~~~~~~~~~~~^^^^^^^^^^^^^^^
  File "C:\Users\JANA2\Desktop\Learning_Materials\Mini Projects\Django-Projects\Blog\env\Lib\site-packages\django\template\engine.py", line 177, in get_template
    template, origin = self.find_template(template_name)
                       ~~~~~~~~~~~~~~~~~~^^^^^^^^^^^^^^^
  File "C:\Users\JANA2\Desktop\Learning_Materials\Mini Projects\Django-Projects\Blog\env\Lib\site-packages\django\template\engine.py", line 159, in find_template
    template = loader.get_template(name, skip=skip)
  File "C:\Users\JANA2\Desktop\Learning_Materials\Mini Projects\Django-Projects\Blog\env\Lib\site-packages\django\template\loaders\cached.py", line 57, in get_template
    template = super().get_template(template_name, skip)
  File "C:\Users\JANA2\Desktop\Learning_Materials\Mini Projects\Django-Projects\Blog\env\Lib\site-packages\django\template\loaders\base.py", line 28, in get_template
    return Template(
        contents,
    ...<2 lines>...
        self.engine,
    )
  File "C:\Users\JANA2\Desktop\Learning_Materials\Mini Projects\Django-Projects\Blog\env\Lib\site-packages\django\template\base.py", line 154, in __init__
    self.nodelist = self.compile_nodelist()
                    ~~~~~~~~~~~~~~~~~~~~~^^
  File "C:\Users\JANA2\Desktop\Learning_Materials\Mini Projects\Django-Projects\Blog\env\Lib\site-packages\django\template\base.py", line 196, in compile_nodelist
    nodelist = parser.parse()
  File "C:\Users\JANA2\Desktop\Learning_Materials\Mini Projects\Django-Projects\Blog\env\Lib\site-packages\django\template\base.py", line 518, in parse
    raise self.error(token, e)
  File "C:\Users\JANA2\Desktop\Learning_Materials\Mini Projects\Django-Projects\Blog\env\Lib\site-packages\django\template\base.py", line 516, in parse
    compiled_result = compile_func(self, token)
  File "C:\Users\JANA2\Desktop\Learning_Materials\Mini Projects\Django-Projects\Blog\env\Lib\site-packages\django\template\loader_tags.py", line 299, in do_extends
    nodelist = parser.parse()
  File "C:\Users\JANA2\Desktop\Learning_Materials\Mini Projects\Django-Projects\Blog\env\Lib\site-packages\django\template\base.py", line 518, in parse
    raise self.error(token, e)
  File "C:\Users\JANA2\Desktop\Learning_Materials\Mini Projects\Django-Projects\Blog\env\Lib\site-packages\django\template\base.py", line 516, in parse
    compiled_result = compile_func(self, token)
  File "C:\Users\JANA2\Desktop\Learning_Materials\Mini Projects\Django-Projects\Blog\env\Lib\site-packages\django\template\loader_tags.py", line 234, in do_block
    nodelist = parser.parse(("endblock",))
  File "C:\Users\JANA2\Desktop\Learning_Materials\Mini Projects\Django-Projects\Blog\env\Lib\site-packages\django\template\base.py", line 489, in parse
    raise self.error(token, e)
  File "C:\Users\JANA2\Desktop\Learning_Materials\Mini Projects\Django-Projects\Blog\env\Lib\site-packages\django\template\base.py", line 487, in parse
    filter_expression = self.compile_filter(token.contents)
  File "C:\Users\JANA2\Desktop\Learning_Materials\Mini Projects\Django-Projects\Blog\env\Lib\site-packages\django\template\base.py", line 609, in compile_filter
    return FilterExpression(token, self)
  File "C:\Users\JANA2\Desktop\Learning_Materials\Mini Projects\Django-Projects\Blog\env\Lib\site-packages\django\template\base.py", line 710, in __init__
    raise TemplateSyntaxError(
    ...<2 lines>...
    )
django.template.exceptions.TemplateSyntaxError: Could not parse the remainder: ' "blog:index"' from 'url "blog:index"'
post variable is <class 'blog.models.Post'>
post variable is <class 'blog.models.Post'>
C:\Users\JANA2\Desktop\Learning_Materials\Mini Projects\Django-Projects\Blog\myapp\blog\views.py changed, reloading.
Watching for file changes with StatReloader
C:\Users\JANA2\Desktop\Learning_Materials\Mini Projects\Django-Projects\Blog\myapp\blog\views.py changed, reloading.
Watching for file changes with StatReloader
C:\Users\JANA2\Desktop\Learning_Materials\Mini Projects\Django-Projects\Blog\myapp\blog\views.py changed, reloading.
Watching for file changes with StatReloader
C:\Users\JANA2\Desktop\Learning_Materials\Mini Projects\Django-Projects\Blog\myapp\blog\views.py changed, reloading.
Watching for file changes with StatReloader
C:\Users\JANA2\Desktop\Learning_Materials\Mini Projects\Django-Projects\Blog\myapp\blog\views.py changed, reloading.
Watching for file changes with StatReloader
C:\Users\JANA2\Desktop\Learning_Materials\Mini Projects\Django-Projects\Blog\myapp\blog\views.py changed, reloading.
Watching for file changes with StatReloader
C:\Users\JANA2\Desktop\Learning_Materials\Mini Projects\Django-Projects\Blog\myapp\blog\views.py changed, reloading.
Watching for file changes with StatReloader
C:\Users\JANA2\Desktop\Learning_Materials\Mini Projects\Django-Projects\Blog\myapp\blog\views.py changed, reloading.
Watching for file changes with StatReloader
C:\Users\JANA2\Desktop\Learning_Materials\Mini Projects\Django-Projects\Blog\myapp\blog\views.py changed, reloading.
Watching for file changes with StatReloader
Internal Server Error: /Blog/post/1
Traceback (most recent call last):
  File "C:\Users\JANA2\Desktop\Learning_Materials\Mini Projects\Django-Projects\Blog\env\Lib\site-packages\django\core\handlers\exception.py", line 55, in inner
    response = get_response(request)
  File "C:\Users\JANA2\Desktop\Learning_Materials\Mini Projects\Django-Projects\Blog\env\Lib\site-packages\django\core\handlers\base.py", line 197, in _get_response
    response = wrapped_callback(request, *callback_args, **callback_kwargs)
  File "C:\Users\JANA2\Desktop\Learning_Materials\Mini Projects\Django-Projects\Blog\myapp\blog\views.py", line 28, in detail
    logger.debug(f'post variable is {Post}')
                                     ^^^^
UnboundLocalError: cannot access local variable 'Post' where it is not associated with a value
C:\Users\JANA2\Desktop\Learning_Materials\Mini Projects\Django-Projects\Blog\myapp\blog\views.py changed, reloading.
Watching for file changes with StatReloader
C:\Users\JANA2\Desktop\Learning_Materials\Mini Projects\Django-Projects\Blog\myapp\blog\views.py changed, reloading.
Watching for file changes with StatReloader
C:\Users\JANA2\Desktop\Learning_Materials\Mini Projects\Django-Projects\Blog\myapp\blog\views.py changed, reloading.
Watching for file changes with StatReloader
Internal Server Error: /Blog/post/1
Traceback (most recent call last):
  File "C:\Users\JANA2\Desktop\Learning_Materials\Mini Projects\Django-Projects\Blog\env\Lib\site-packages\django\core\handlers\exception.py", line 55, in inner
    response = get_response(request)
  File "C:\Users\JANA2\Desktop\Learning_Materials\Mini Projects\Django-Projects\Blog\env\Lib\site-packages\django\core\handlers\base.py", line 197, in _get_response
    response = wrapped_callback(request, *callback_args, **callback_kwargs)
  File "C:\Users\JANA2\Desktop\Learning_Materials\Mini Projects\Django-Projects\Blog\myapp\blog\views.py", line 28, in detail
    logger.debug(f'post variable is {Post}')
                                     ^^^^
UnboundLocalError: cannot access local variable 'Post' where it is not associated with a value
C:\Users\JANA2\Desktop\Learning_Materials\Mini Projects\Django-Projects\Blog\myapp\blog\views.py changed, reloading.
Watching for file changes with StatReloader
C:\Users\JANA2\Desktop\Learning_Materials\Mini Projects\Django-Projects\Blog\myapp\blog\views.py changed, reloading.
Watching for file changes with StatReloader
C:\Users\JANA2\Desktop\Learning_Materials\Mini Projects\Django-Projects\Blog\myapp\blog\views.py changed, reloading.
Watching for file changes with StatReloader
C:\Users\JANA2\Desktop\Learning_Materials\Mini Projects\Django-Projects\Blog\myapp\blog\views.py changed, reloading.
Watching for file changes with StatReloader
C:\Users\JANA2\Desktop\Learning_Materials\Mini Projects\Django-Projects\Blog\myapp\blog\views.py changed, reloading.
Watching for file changes with StatReloader
C:\Users\JANA2\Desktop\Learning_Materials\Mini Projects\Django-Projects\Blog\myapp\blog\views.py changed, reloading.
Watching for file changes with StatReloader
Internal Server Error: /Blog/
Traceback (most recent call last):
  File "C:\Users\JANA2\Desktop\Learning_Materials\Mini Projects\Django-Projects\Blog\env\Lib\site-packages\django\core\handlers\exception.py", line 55, in inner
    response = get_response(request)
  File "C:\Users\JANA2\Desktop\Learning_Materials\Mini Projects\Django-Projects\Blog\env\Lib\site-packages\django\core\handlers\base.py", line 197, in _get_response
    response = wrapped_callback(request, *callback_args, **callback_kwargs)
  File "C:\Users\JANA2\Desktop\Learning_Materials\Mini Projects\Django-Projects\Blog\myapp\blog\views.py", line 23, in index
    Post = Post.objects.all()
           ^^^^
UnboundLocalError: cannot access local variable 'Post' where it is not associated with a value
Internal Server Error: /Blog/
Traceback (most recent call last):
  File "C:\Users\JANA2\Desktop\Learning_Materials\Mini Projects\Django-Projects\Blog\env\Lib\site-packages\django\core\handlers\exception.py", line 55, in inner
    response = get_response(request)
  File "C:\Users\JANA2\Desktop\Learning_Materials\Mini Projects\Django-Projects\Blog\env\Lib\site-packages\django\core\handlers\base.py", line 197, in _get_response
    response = wrapped_callback(request, *callback_args, **callback_kwargs)
  File "C:\Users\JANA2\Desktop\Learning_Materials\Mini Projects\Django-Projects\Blog\myapp\blog\views.py", line 23, in index
    Post = Post.objects.all()
           ^^^^
UnboundLocalError: cannot access local variable 'Post' where it is not associated with a value
C:\Users\JANA2\Desktop\Learning_Materials\Mini Projects\Django-Projects\Blog\myapp\blog\views.py changed, reloading.
Watching for file changes with StatReloader
C:\Users\JANA2\Desktop\Learning_Materials\Mini Projects\Django-Projects\Blog\myapp\blog\views.py changed, reloading.
Watching for file changes with StatReloader
Internal Server Error: /Blog/
Traceback (most recent call last):
  File "C:\Users\JANA2\Desktop\Learning_Materials\Mini Projects\Django-Projects\Blog\env\Lib\site-packages\django\core\handlers\exception.py", line 55, in inner
    response = get_response(request)
  File "C:\Users\JANA2\Desktop\Learning_Materials\Mini Projects\Django-Projects\Blog\env\Lib\site-packages\django\core\handlers\base.py", line 197, in _get_response
    response = wrapped_callback(request, *callback_args, **callback_kwargs)
  File "C:\Users\JANA2\Desktop\Learning_Materials\Mini Projects\Django-Projects\Blog\myapp\blog\views.py", line 23, in index
    Post = Post.objects.all()
           ^^^^
UnboundLocalError: cannot access local variable 'Post' where it is not associated with a value
Internal Server Error: /Blog/
Traceback (most recent call last):
  File "C:\Users\JANA2\Desktop\Learning_Materials\Mini Projects\Django-Projects\Blog\env\Lib\site-packages\django\core\handlers\exception.py", line 55, in inner
    response = get_response(request)
  File "C:\Users\JANA2\Desktop\Learning_Materials\Mini Projects\Django-Projects\Blog\env\Lib\site-packages\django\core\handlers\base.py", line 197, in _get_response
    response = wrapped_callback(request, *callback_args, **callback_kwargs)
  File "C:\Users\JANA2\Desktop\Learning_Materials\Mini Projects\Django-Projects\Blog\myapp\blog\views.py", line 23, in index
    Post = Post.objects.all()
           ^^^^
UnboundLocalError: cannot access local variable 'Post' where it is not associated with a value
C:\Users\JANA2\Desktop\Learning_Materials\Mini Projects\Django-Projects\Blog\myapp\blog\views.py changed, reloading.
Watching for file changes with StatReloader
C:\Users\JANA2\Desktop\Learning_Materials\Mini Projects\Django-Projects\Blog\myapp\blog\views.py changed, reloading.
Watching for file changes with StatReloader
C:\Users\JANA2\Desktop\Learning_Materials\Mini Projects\Django-Projects\Blog\myapp\blog\views.py changed, reloading.
Watching for file changes with StatReloader
C:\Users\JANA2\Desktop\Learning_Materials\Mini Projects\Django-Projects\Blog\myapp\blog\views.py changed, reloading.
Watching for file changes with StatReloader
Internal Server Error: /Blog/post/1
Traceback (most recent call last):
  File "C:\Users\JANA2\Desktop\Learning_Materials\Mini Projects\Django-Projects\Blog\env\Lib\site-packages\django\core\handlers\exception.py", line 55, in inner
    response = get_response(request)
  File "C:\Users\JANA2\Desktop\Learning_Materials\Mini Projects\Django-Projects\Blog\env\Lib\site-packages\django\core\handlers\base.py", line 197, in _get_response
    response = wrapped_callback(request, *callback_args, **callback_kwargs)
  File "C:\Users\JANA2\Desktop\Learning_Materials\Mini Projects\Django-Projects\Blog\myapp\blog\views.py", line 30, in detail
    Post = Post.objects.get(pk=post_id)
           ^^^^
UnboundLocalError: cannot access local variable 'Post' where it is not associated with a value
Internal Server Error: /Blog/post/1
Traceback (most recent call last):
  File "C:\Users\JANA2\Desktop\Learning_Materials\Mini Projects\Django-Projects\Blog\env\Lib\site-packages\django\core\handlers\exception.py", line 55, in inner
    response = get_response(request)
  File "C:\Users\JANA2\Desktop\Learning_Materials\Mini Projects\Django-Projects\Blog\env\Lib\site-packages\django\core\handlers\base.py", line 197, in _get_response
    response = wrapped_callback(request, *callback_args, **callback_kwargs)
  File "C:\Users\JANA2\Desktop\Learning_Materials\Mini Projects\Django-Projects\Blog\myapp\blog\views.py", line 30, in detail
    Post = Post.objects.get(pk=post_id)
           ^^^^
UnboundLocalError: cannot access local variable 'Post' where it is not associated with a value
C:\Users\JANA2\Desktop\Learning_Materials\Mini Projects\Django-Projects\Blog\myapp\blog\views.py changed, reloading.
Watching for file changes with StatReloader
C:\Users\JANA2\Desktop\Learning_Materials\Mini Projects\Django-Projects\Blog\myapp\blog\views.py changed, reloading.
Watching for file changes with StatReloader
